<?xml version="1.0" encoding="UTF-8"?>
<!-- Generated by org.testng.reporters.JUnitXMLReporter -->
<testsuite ignored="0" hostname="DESKTOP-HCKD6N7" failures="0" tests="3" name="Default test" time="8.095" errors="0" timestamp="2024-07-06T12:38:19 IST">
  <testcase classname="api.Tests.UserTest" name="createUserTest" time="3.06"/>
  <testcase classname="api.Tests.UserTest" name="getUserTest" time="1.283"/>
  <testcase classname="api.Tests.UserTest" name="updateUserTest" time="3.532"/>
</testsuite> <!-- Default test -->
